#
# There is insufficient memory for the Java Runtime Environment to continue.
# Native memory allocation (malloc) failed to allocate 32744 bytes for Chunk::new
# Possible reasons:
#   The system is out of physical RAM or swap space
#   The process is running with CompressedOops enabled, and the Java Heap may be blocking the growth of the native heap
# Possible solutions:
#   Reduce memory load on the system
#   Increase physical memory or swap space
#   Check if swap backing store is full
#   Decrease Java heap size (-Xmx/-Xms)
#   Decrease number of Java threads
#   Decrease Java thread stack sizes (-Xss)
#   Set larger code cache with -XX:ReservedCodeCacheSize=
#   JVM is running with Unscaled Compressed Oops mode in which the Java heap is
#     placed in the first 4GB address space. The Java Heap base address is the
#     maximum limit for the native heap growth. Please use -XX:HeapBaseMinAddress
#     to set the Java Heap base and to place the Java Heap above 4GB virtual address.
# This output file may be truncated or incomplete.
#
#  Out of Memory Error (arena.cpp:168), pid=12804, tid=27248
#
# JRE version: Java(TM) SE Runtime Environment (21.0.2+13) (build 21.0.2+13-LTS-58)
# Java VM: Java HotSpot(TM) 64-Bit Server VM (21.0.2+13-LTS-58, mixed mode, sharing, tiered, compressed oops, compressed class ptrs, g1 gc, windows-amd64)
# No core dump will be written. Minidumps are not enabled by default on client versions of Windows
#

---------------  S U M M A R Y ------------

Command Line: -Dfile.encoding=UTF-8 -Dstdout.encoding=UTF-8 -Dstderr.encoding=UTF-8 -XX:+ShowCodeDetailsInExceptionMessages bank.login

Host: 11th Gen Intel(R) Core(TM) i3-1115G4 @ 3.00GHz, 4 cores, 7G,  Windows 11 , 64 bit Build 22621 (10.0.22621.3672)
Time: Fri Jul  5 14:28:32 2024 India Standard Time elapsed time: 0.394227 seconds (0d 0h 0m 0s)

---------------  T H R E A D  ---------------

Current thread (0x000002a5113e8580):  JavaThread "C2 CompilerThread0" daemon [_thread_in_native, id=27248, stack(0x000000fe5d800000,0x000000fe5d900000) (1024K)]


Current CompileTask:
C2:    394  597       4       java.util.regex.Matcher::search (154 bytes)

Stack: [0x000000fe5d800000,0x000000fe5d900000]
Native frames: (J=compiled Java code, j=interpreted, Vv=VM code, C=native code)
V  [jvm.dll+0x6cade9]
V  [jvm.dll+0x8569c1]
V  [jvm.dll+0x858d2e]
V  [jvm.dll+0x859413]
V  [jvm.dll+0x280e56]
V  [jvm.dll+0xc3f3d]
V  [jvm.dll+0xc4473]
V  [jvm.dll+0x6a674d]
V  [jvm.dll+0x65bbb5]
V  [jvm.dll+0x659f0d]
V  [jvm.dll+0x249a55]
V  [jvm.dll+0x2491b1]
V  [jvm.dll+0x1c9634]
V  [jvm.dll+0x258859]
V  [jvm.dll+0x256e3a]
V  [jvm.dll+0x3ef6c6]
V  [jvm.dll+0x7ff568]
V  [jvm.dll+0x6c953d]
C  [ucrtbase.dll+0x29333]
C  [KERNEL32.DLL+0x1257d]
C  [ntdll.dll+0x5af28]


---------------  P R O C E S S  ---------------

Threads class SMR info:
_java_thread_list=0x000002a557a424a0, length=16, elements={
0x000002a57314ac00, 0x000002a5113dd530, 0x000002a5113e0500, 0x000002a5113e4640,
0x000002a5113e5190, 0x000002a5113e5e90, 0x000002a5113e68f0, 0x000002a5113e8580,
0x000002a511538070, 0x000002a511670280, 0x000002a511673b70, 0x000002a51184a7a0,
0x000002a51184e500, 0x000002a511852640, 0x000002a5118b8500, 0x000002a557a43940
}

Java Threads: ( => current thread )
  0x000002a57314ac00 JavaThread "main"                              [_thread_blocked, id=9336, stack(0x000000fe5ca00000,0x000000fe5cb00000) (1024K)]
  0x000002a5113dd530 JavaThread "Reference Handler"          daemon [_thread_blocked, id=26120, stack(0x000000fe5d200000,0x000000fe5d300000) (1024K)]
  0x000002a5113e0500 JavaThread "Finalizer"                  daemon [_thread_blocked, id=28384, stack(0x000000fe5d300000,0x000000fe5d400000) (1024K)]
  0x000002a5113e4640 JavaThread "Signal Dispatcher"          daemon [_thread_blocked, id=16008, stack(0x000000fe5d400000,0x000000fe5d500000) (1024K)]
  0x000002a5113e5190 JavaThread "Attach Listener"            daemon [_thread_blocked, id=2092, stack(0x000000fe5d500000,0x000000fe5d600000) (1024K)]
  0x000002a5113e5e90 JavaThread "Service Thread"             daemon [_thread_blocked, id=29500, stack(0x000000fe5d600000,0x000000fe5d700000) (1024K)]
  0x000002a5113e68f0 JavaThread "Monitor Deflation Thread"   daemon [_thread_blocked, id=9044, stack(0x000000fe5d700000,0x000000fe5d800000) (1024K)]
=>0x000002a5113e8580 JavaThread "C2 CompilerThread0"         daemon [_thread_in_native, id=27248, stack(0x000000fe5d800000,0x000000fe5d900000) (1024K)]
  0x000002a511538070 JavaThread "C1 CompilerThread0"         daemon [_thread_blocked, id=27256, stack(0x000000fe5d900000,0x000000fe5da00000) (1024K)]
  0x000002a511670280 JavaThread "Notification Thread"        daemon [_thread_blocked, id=27904, stack(0x000000fe5da00000,0x000000fe5db00000) (1024K)]
  0x000002a511673b70 JavaThread "Common-Cleaner"             daemon [_thread_blocked, id=26920, stack(0x000000fe5db00000,0x000000fe5dc00000) (1024K)]
  0x000002a51184a7a0 JavaThread "Java2D Disposer"            daemon [_thread_blocked, id=29400, stack(0x000000fe5dc00000,0x000000fe5dd00000) (1024K)]
  0x000002a51184e500 JavaThread "AWT-Shutdown"                      [_thread_blocked, id=19600, stack(0x000000fe5dd00000,0x000000fe5de00000) (1024K)]
  0x000002a511852640 JavaThread "AWT-Windows"                daemon [_thread_in_native, id=5700, stack(0x000000fe5de00000,0x000000fe5df00000) (1024K)]
  0x000002a5118b8500 JavaThread "Image Fetcher 0"            daemon [_thread_in_vm, id=28664, stack(0x000000fe5df00000,0x000000fe5e000000) (1024K)]
  0x000002a557a43940 JavaThread "C2 CompilerThread1"         daemon [_thread_blocked, id=25560, stack(0x000000fe5e000000,0x000000fe5e100000) (1024K)]
Total: 16

Other Threads:
  0x000002a5113c0680 VMThread "VM Thread"                           [id=28876, stack(0x000000fe5d100000,0x000000fe5d200000) (1024K)]
  0x000002a5113a91f0 WatcherThread "VM Periodic Task Thread"        [id=7836, stack(0x000000fe5d000000,0x000000fe5d100000) (1024K)]
  0x000002a5753ba6c0 WorkerThread "GC Thread#0"                     [id=13460, stack(0x000000fe5cb00000,0x000000fe5cc00000) (1024K)]
  0x000002a5753cb630 ConcurrentGCThread "G1 Main Marker"            [id=29324, stack(0x000000fe5cc00000,0x000000fe5cd00000) (1024K)]
  0x000002a5753cc130 WorkerThread "G1 Conc#0"                       [id=24956, stack(0x000000fe5cd00000,0x000000fe5ce00000) (1024K)]
  0x000002a57542e050 ConcurrentGCThread "G1 Refine#0"               [id=8760, stack(0x000000fe5ce00000,0x000000fe5cf00000) (1024K)]
  0x000002a51127f5c0 ConcurrentGCThread "G1 Service"                [id=29040, stack(0x000000fe5cf00000,0x000000fe5d000000) (1024K)]
Total: 7

Threads with active compile tasks:
C2 CompilerThread0      409  597       4       java.util.regex.Matcher::search (154 bytes)
Total: 1

VM state: not at safepoint (normal execution)

VM Mutex/Monitor currently owned by a thread: None

Heap address: 0x0000000084400000, size: 1980 MB, Compressed Oops mode: 32-bit

CDS archive(s) mapped at: [0x000002a512000000-0x000002a512c90000-0x000002a512c90000), size 13172736, SharedBaseAddress: 0x000002a512000000, ArchiveRelocationMode: 1.
Compressed class space mapped at: 0x000002a513000000-0x000002a553000000, reserved size: 1073741824
Narrow klass base: 0x000002a512000000, Narrow klass shift: 0, Narrow klass range: 0x100000000

GC Precious Log:
 CardTable entry size: 512
 Card Set container configuration: InlinePtr #cards 5 size 8 Array Of Cards #cards 12 size 40 Howl #buckets 4 coarsen threshold 1843 Howl Bitmap #cards 512 size 80 coarsen threshold 460 Card regions per heap region 1 cards per card region 2048
 CPUs: 4 total, 4 available
 Memory: 7914M
 Large Page Support: Disabled
 NUMA Support: Disabled
 Compressed Oops: Enabled (32-bit)
 Heap Region Size: 1M
 Heap Min Capacity: 8M
 Heap Initial Capacity: 124M
 Heap Max Capacity: 1980M
 Pre-touch: Disabled
 Parallel Workers: 4
 Concurrent Workers: 1
 Concurrent Refinement Workers: 4
 Periodic GC: Disabled

Heap:
 garbage-first heap   total 126976K, used 6144K [0x0000000084400000, 0x0000000100000000)
  region size 1024K, 7 young (7168K), 0 survivors (0K)
 Metaspace       used 5788K, committed 6016K, reserved 1114112K
  class space    used 644K, committed 768K, reserved 1048576K

Heap Regions: E=young(eden), S=young(survivor), O=old, HS=humongous(starts), HC=humongous(continues), CS=collection set, F=free, TAMS=top-at-mark-start, PB=parsable bottom
|   0|0x0000000084400000, 0x0000000084400000, 0x0000000084500000|  0%| F|  |TAMS 0x0000000084400000| PB 0x0000000084400000| Untracked 
|   1|0x0000000084500000, 0x0000000084500000, 0x0000000084600000|  0%| F|  |TAMS 0x0000000084500000| PB 0x0000000084500000| Untracked 
|   2|0x0000000084600000, 0x0000000084600000, 0x0000000084700000|  0%| F|  |TAMS 0x0000000084600000| PB 0x0000000084600000| Untracked 
|   3|0x0000000084700000, 0x0000000084700000, 0x0000000084800000|  0%| F|  |TAMS 0x0000000084700000| PB 0x0000000084700000| Untracked 
|   4|0x0000000084800000, 0x0000000084800000, 0x0000000084900000|  0%| F|  |TAMS 0x0000000084800000| PB 0x0000000084800000| Untracked 
|   5|0x0000000084900000, 0x0000000084900000, 0x0000000084a00000|  0%| F|  |TAMS 0x0000000084900000| PB 0x0000000084900000| Untracked 
|   6|0x0000000084a00000, 0x0000000084a00000, 0x0000000084b00000|  0%| F|  |TAMS 0x0000000084a00000| PB 0x0000000084a00000| Untracked 
|   7|0x0000000084b00000, 0x0000000084b00000, 0x0000000084c00000|  0%| F|  |TAMS 0x0000000084b00000| PB 0x0000000084b00000| Untracked 
|   8|0x0000000084c00000, 0x0000000084c00000, 0x0000000084d00000|  0%| F|  |TAMS 0x0000000084c00000| PB 0x0000000084c00000| Untracked 
|   9|0x0000000084d00000, 0x0000000084d00000, 0x0000000084e00000|  0%| F|  |TAMS 0x0000000084d00000| PB 0x0000000084d00000| Untracked 
|  10|0x0000000084e00000, 0x0000000084e00000, 0x0000000084f00000|  0%| F|  |TAMS 0x0000000084e00000| PB 0x0000000084e00000| Untracked 
|  11|0x0000000084f00000, 0x0000000084f00000, 0x0000000085000000|  0%| F|  |TAMS 0x0000000084f00000| PB 0x0000000084f00000| Untracked 
|  12|0x0000000085000000, 0x0000000085000000, 0x0000000085100000|  0%| F|  |TAMS 0x0000000085000000| PB 0x0000000085000000| Untracked 
|  13|0x0000000085100000, 0x0000000085100000, 0x0000000085200000|  0%| F|  |TAMS 0x0000000085100000| PB 0x0000000085100000| Untracked 
|  14|0x0000000085200000, 0x0000000085200000, 0x0000000085300000|  0%| F|  |TAMS 0x0000000085200000| PB 0x0000000085200000| Untracked 
|  15|0x0000000085300000, 0x0000000085300000, 0x0000000085400000|  0%| F|  |TAMS 0x0000000085300000| PB 0x0000000085300000| Untracked 
|  16|0x0000000085400000, 0x0000000085400000, 0x0000000085500000|  0%| F|  |TAMS 0x0000000085400000| PB 0x0000000085400000| Untracked 
|  17|0x0000000085500000, 0x0000000085500000, 0x0000000085600000|  0%| F|  |TAMS 0x0000000085500000| PB 0x0000000085500000| Untracked 
|  18|0x0000000085600000, 0x0000000085600000, 0x0000000085700000|  0%| F|  |TAMS 0x0000000085600000| PB 0x0000000085600000| Untracked 
|  19|0x0000000085700000, 0x0000000085700000, 0x0000000085800000|  0%| F|  |TAMS 0x0000000085700000| PB 0x0000000085700000| Untracked 
|  20|0x0000000085800000, 0x0000000085800000, 0x0000000085900000|  0%| F|  |TAMS 0x0000000085800000| PB 0x0000000085800000| Untracked 
|  21|0x0000000085900000, 0x0000000085900000, 0x0000000085a00000|  0%| F|  |TAMS 0x0000000085900000| PB 0x0000000085900000| Untracked 
|  22|0x0000000085a00000, 0x0000000085a00000, 0x0000000085b00000|  0%| F|  |TAMS 0x0000000085a00000| PB 0x0000000085a00000| Untracked 
|  23|0x0000000085b00000, 0x0000000085b00000, 0x0000000085c00000|  0%| F|  |TAMS 0x0000000085b00000| PB 0x0000000085b00000| Untracked 
|  24|0x0000000085c00000, 0x0000000085c00000, 0x0000000085d00000|  0%| F|  |TAMS 0x0000000085c00000| PB 0x0000000085c00000| Untracked 
|  25|0x0000000085d00000, 0x0000000085d00000, 0x0000000085e00000|  0%| F|  |TAMS 0x0000000085d00000| PB 0x0000000085d00000| Untracked 
|  26|0x0000000085e00000, 0x0000000085e00000, 0x0000000085f00000|  0%| F|  |TAMS 0x0000000085e00000| PB 0x0000000085e00000| Untracked 
|  27|0x0000000085f00000, 0x0000000085f00000, 0x0000000086000000|  0%| F|  |TAMS 0x0000000085f00000| PB 0x0000000085f00000| Untracked 
|  28|0x0000000086000000, 0x0000000086000000, 0x0000000086100000|  0%| F|  |TAMS 0x0000000086000000| PB 0x0000000086000000| Untracked 
|  29|0x0000000086100000, 0x0000000086100000, 0x0000000086200000|  0%| F|  |TAMS 0x0000000086100000| PB 0x0000000086100000| Untracked 
|  30|0x0000000086200000, 0x0000000086200000, 0x0000000086300000|  0%| F|  |TAMS 0x0000000086200000| PB 0x0000000086200000| Untracked 
|  31|0x0000000086300000, 0x0000000086300000, 0x0000000086400000|  0%| F|  |TAMS 0x0000000086300000| PB 0x0000000086300000| Untracked 
|  32|0x0000000086400000, 0x0000000086400000, 0x0000000086500000|  0%| F|  |TAMS 0x0000000086400000| PB 0x0000000086400000| Untracked 
|  33|0x0000000086500000, 0x0000000086500000, 0x0000000086600000|  0%| F|  |TAMS 0x0000000086500000| PB 0x0000000086500000| Untracked 
|  34|0x0000000086600000, 0x0000000086600000, 0x0000000086700000|  0%| F|  |TAMS 0x0000000086600000| PB 0x0000000086600000| Untracked 
|  35|0x0000000086700000, 0x0000000086700000, 0x0000000086800000|  0%| F|  |TAMS 0x0000000086700000| PB 0x0000000086700000| Untracked 
|  36|0x0000000086800000, 0x0000000086800000, 0x0000000086900000|  0%| F|  |TAMS 0x0000000086800000| PB 0x0000000086800000| Untracked 
|  37|0x0000000086900000, 0x0000000086900000, 0x0000000086a00000|  0%| F|  |TAMS 0x0000000086900000| PB 0x0000000086900000| Untracked 
|  38|0x0000000086a00000, 0x0000000086a00000, 0x0000000086b00000|  0%| F|  |TAMS 0x0000000086a00000| PB 0x0000000086a00000| Untracked 
|  39|0x0000000086b00000, 0x0000000086b00000, 0x0000000086c00000|  0%| F|  |TAMS 0x0000000086b00000| PB 0x0000000086b00000| Untracked 
|  40|0x0000000086c00000, 0x0000000086c00000, 0x0000000086d00000|  0%| F|  |TAMS 0x0000000086c00000| PB 0x0000000086c00000| Untracked 
|  41|0x0000000086d00000, 0x0000000086d00000, 0x0000000086e00000|  0%| F|  |TAMS 0x0000000086d00000| PB 0x0000000086d00000| Untracked 
|  42|0x0000000086e00000, 0x0000000086e00000, 0x0000000086f00000|  0%| F|  |TAMS 0x0000000086e00000| PB 0x0000000086e00000| Untracked 
|  43|0x0000000086f00000, 0x0000000086f00000, 0x0000000087000000|  0%| F|  |TAMS 0x0000000086f00000| PB 0x0000000086f00000| Untracked 
|  44|0x0000000087000000, 0x0000000087000000, 0x0000000087100000|  0%| F|  |TAMS 0x0000000087000000| PB 0x0000000087000000| Untracked 
|  45|0x0000000087100000, 0x0000000087100000, 0x0000000087200000|  0%| F|  |TAMS 0x0000000087100000| PB 0x0000000087100000| Untracked 
|  46|0x0000000087200000, 0x0000000087200000, 0x0000000087300000|  0%| F|  |TAMS 0x0000000087200000| PB 0x0000000087200000| Untracked 
|  47|0x0000000087300000, 0x0000000087300000, 0x0000000087400000|  0%| F|  |TAMS 0x0000000087300000| PB 0x0000000087300000| Untracked 
|  48|0x0000000087400000, 0x0000000087400000, 0x0000000087500000|  0%| F|  |TAMS 0x0000000087400000| PB 0x0000000087400000| Untracked 
|  49|0x0000000087500000, 0x0000000087500000, 0x0000000087600000|  0%| F|  |TAMS 0x0000000087500000| PB 0x0000000087500000| Untracked 
|  50|0x0000000087600000, 0x0000000087600000, 0x0000000087700000|  0%| F|  |TAMS 0x0000000087600000| PB 0x0000000087600000| Untracked 
|  51|0x0000000087700000, 0x0000000087700000, 0x0000000087800000|  0%| F|  |TAMS 0x0000000087700000| PB 0x0000000087700000| Untracked 
|  52|0x0000000087800000, 0x0000000087800000, 0x0000000087900000|  0%| F|  |TAMS 0x0000000087800000| PB 0x0000000087800000| Untracked 
|  53|0x0000000087900000, 0x0000000087900000, 0x0000000087a00000|  0%| F|  |TAMS 0x0000000087900000| PB 0x0000000087900000| Untracked 
|  54|0x0000000087a00000, 0x0000000087a00000, 0x0000000087b00000|  0%| F|  |TAMS 0x0000000087a00000| PB 0x0000000087a00000| Untracked 
|  55|0x0000000087b00000, 0x0000000087b00000, 0x0000000087c00000|  0%| F|  |TAMS 0x0000000087b00000| PB 0x0000000087b00000| Untracked 
|  56|0x0000000087c00000, 0x0000000087c00000, 0x0000000087d00000|  0%| F|  |TAMS 0x0000000087c00000| PB 0x0000000087c00000| Untracked 
|  57|0x0000000087d00000, 0x0000000087d00000, 0x0000000087e00000|  0%| F|  |TAMS 0x0000000087d00000| PB 0x0000000087d00000| Untracked 
|  58|0x0000000087e00000, 0x0000000087e00000, 0x0000000087f00000|  0%| F|  |TAMS 0x0000000087e00000| PB 0x0000000087e00000| Untracked 
|  59|0x0000000087f00000, 0x0000000087f00000, 0x0000000088000000|  0%| F|  |TAMS 0x0000000087f00000| PB 0x0000000087f00000| Untracked 
|  60|0x0000000088000000, 0x0000000088000000, 0x0000000088100000|  0%| F|  |TAMS 0x0000000088000000| PB 0x0000000088000000| Untracked 
|  61|0x0000000088100000, 0x0000000088100000, 0x0000000088200000|  0%| F|  |TAMS 0x0000000088100000| PB 0x0000000088100000| Untracked 
|  62|0x0000000088200000, 0x0000000088200000, 0x0000000088300000|  0%| F|  |TAMS 0x0000000088200000| PB 0x0000000088200000| Untracked 
|  63|0x0000000088300000, 0x0000000088300000, 0x0000000088400000|  0%| F|  |TAMS 0x0000000088300000| PB 0x0000000088300000| Untracked 
|  64|0x0000000088400000, 0x0000000088400000, 0x0000000088500000|  0%| F|  |TAMS 0x0000000088400000| PB 0x0000000088400000| Untracked 
|  65|0x0000000088500000, 0x0000000088500000, 0x0000000088600000|  0%| F|  |TAMS 0x0000000088500000| PB 0x0000000088500000| Untracked 
|  66|0x0000000088600000, 0x0000000088600000, 0x0000000088700000|  0%| F|  |TAMS 0x0000000088600000| PB 0x0000000088600000| Untracked 
|  67|0x0000000088700000, 0x0000000088700000, 0x0000000088800000|  0%| F|  |TAMS 0x0000000088700000| PB 0x0000000088700000| Untracked 
|  68|0x0000000088800000, 0x0000000088800000, 0x0000000088900000|  0%| F|  |TAMS 0x0000000088800000| PB 0x0000000088800000| Untracked 
|  69|0x0000000088900000, 0x0000000088900000, 0x0000000088a00000|  0%| F|  |TAMS 0x0000000088900000| PB 0x0000000088900000| Untracked 
|  70|0x0000000088a00000, 0x0000000088a00000, 0x0000000088b00000|  0%| F|  |TAMS 0x0000000088a00000| PB 0x0000000088a00000| Untracked 
|  71|0x0000000088b00000, 0x0000000088b00000, 0x0000000088c00000|  0%| F|  |TAMS 0x0000000088b00000| PB 0x0000000088b00000| Untracked 
|  72|0x0000000088c00000, 0x0000000088c00000, 0x0000000088d00000|  0%| F|  |TAMS 0x0000000088c00000| PB 0x0000000088c00000| Untracked 
|  73|0x0000000088d00000, 0x0000000088d00000, 0x0000000088e00000|  0%| F|  |TAMS 0x0000000088d00000| PB 0x0000000088d00000| Untracked 
|  74|0x0000000088e00000, 0x0000000088e00000, 0x0000000088f00000|  0%| F|  |TAMS 0x0000000088e00000| PB 0x0000000088e00000| Untracked 
|  75|0x0000000088f00000, 0x0000000088f00000, 0x0000000089000000|  0%| F|  |TAMS 0x0000000088f00000| PB 0x0000000088f00000| Untracked 
|  76|0x0000000089000000, 0x0000000089000000, 0x0000000089100000|  0%| F|  |TAMS 0x0000000089000000| PB 0x0000000089000000| Untracked 
|  77|0x0000000089100000, 0x0000000089100000, 0x0000000089200000|  0%| F|  |TAMS 0x0000000089100000| PB 0x0000000089100000| Untracked 
|  78|0x0000000089200000, 0x0000000089200000, 0x0000000089300000|  0%| F|  |TAMS 0x0000000089200000| PB 0x0000000089200000| Untracked 
|  79|0x0000000089300000, 0x0000000089300000, 0x0000000089400000|  0%| F|  |TAMS 0x0000000089300000| PB 0x0000000089300000| Untracked 
|  80|0x0000000089400000, 0x0000000089400000, 0x0000000089500000|  0%| F|  |TAMS 0x0000000089400000| PB 0x0000000089400000| Untracked 
|  81|0x0000000089500000, 0x0000000089500000, 0x0000000089600000|  0%| F|  |TAMS 0x0000000089500000| PB 0x0000000089500000| Untracked 
|  82|0x0000000089600000, 0x0000000089600000, 0x0000000089700000|  0%| F|  |TAMS 0x0000000089600000| PB 0x0000000089600000| Untracked 
|  83|0x0000000089700000, 0x0000000089700000, 0x0000000089800000|  0%| F|  |TAMS 0x0000000089700000| PB 0x0000000089700000| Untracked 
|  84|0x0000000089800000, 0x0000000089800000, 0x0000000089900000|  0%| F|  |TAMS 0x0000000089800000| PB 0x0000000089800000| Untracked 
|  85|0x0000000089900000, 0x0000000089900000, 0x0000000089a00000|  0%| F|  |TAMS 0x0000000089900000| PB 0x0000000089900000| Untracked 
|  86|0x0000000089a00000, 0x0000000089a00000, 0x0000000089b00000|  0%| F|  |TAMS 0x0000000089a00000| PB 0x0000000089a00000| Untracked 
|  87|0x0000000089b00000, 0x0000000089b00000, 0x0000000089c00000|  0%| F|  |TAMS 0x0000000089b00000| PB 0x0000000089b00000| Untracked 
|  88|0x0000000089c00000, 0x0000000089c00000, 0x0000000089d00000|  0%| F|  |TAMS 0x0000000089c00000| PB 0x0000000089c00000| Untracked 
|  89|0x0000000089d00000, 0x0000000089d00000, 0x0000000089e00000|  0%| F|  |TAMS 0x0000000089d00000| PB 0x0000000089d00000| Untracked 
|  90|0x0000000089e00000, 0x0000000089e00000, 0x0000000089f00000|  0%| F|  |TAMS 0x0000000089e00000| PB 0x0000000089e00000| Untracked 
|  91|0x0000000089f00000, 0x0000000089f00000, 0x000000008a000000|  0%| F|  |TAMS 0x0000000089f00000| PB 0x0000000089f00000| Untracked 
|  92|0x000000008a000000, 0x000000008a000000, 0x000000008a100000|  0%| F|  |TAMS 0x000000008a000000| PB 0x000000008a000000| Untracked 
|  93|0x000000008a100000, 0x000000008a100000, 0x000000008a200000|  0%| F|  |TAMS 0x000000008a100000| PB 0x000000008a100000| Untracked 
|  94|0x000000008a200000, 0x000000008a200000, 0x000000008a300000|  0%| F|  |TAMS 0x000000008a200000| PB 0x000000008a200000| Untracked 
|  95|0x000000008a300000, 0x000000008a300000, 0x000000008a400000|  0%| F|  |TAMS 0x000000008a300000| PB 0x000000008a300000| Untracked 
|  96|0x000000008a400000, 0x000000008a400000, 0x000000008a500000|  0%| F|  |TAMS 0x000000008a400000| PB 0x000000008a400000| Untracked 
|  97|0x000000008a500000, 0x000000008a500000, 0x000000008a600000|  0%| F|  |TAMS 0x000000008a500000| PB 0x000000008a500000| Untracked 
|  98|0x000000008a600000, 0x000000008a600000, 0x000000008a700000|  0%| F|  |TAMS 0x000000008a600000| PB 0x000000008a600000| Untracked 
|  99|0x000000008a700000, 0x000000008a700000, 0x000000008a800000|  0%| F|  |TAMS 0x000000008a700000| PB 0x000000008a700000| Untracked 
| 100|0x000000008a800000, 0x000000008a800000, 0x000000008a900000|  0%| F|  |TAMS 0x000000008a800000| PB 0x000000008a800000| Untracked 
| 101|0x000000008a900000, 0x000000008a900000, 0x000000008aa00000|  0%| F|  |TAMS 0x000000008a900000| PB 0x000000008a900000| Untracked 
| 102|0x000000008aa00000, 0x000000008aa00000, 0x000000008ab00000|  0%| F|  |TAMS 0x000000008aa00000| PB 0x000000008aa00000| Untracked 
| 103|0x000000008ab00000, 0x000000008ab00000, 0x000000008ac00000|  0%| F|  |TAMS 0x000000008ab00000| PB 0x000000008ab00000| Untracked 
| 104|0x000000008ac00000, 0x000000008ac00000, 0x000000008ad00000|  0%| F|  |TAMS 0x000000008ac00000| PB 0x000000008ac00000| Untracked 
| 105|0x000000008ad00000, 0x000000008ad00000, 0x000000008ae00000|  0%| F|  |TAMS 0x000000008ad00000| PB 0x000000008ad00000| Untracked 
| 106|0x000000008ae00000, 0x000000008ae00000, 0x000000008af00000|  0%| F|  |TAMS 0x000000008ae00000| PB 0x000000008ae00000| Untracked 
| 107|0x000000008af00000, 0x000000008af00000, 0x000000008b000000|  0%| F|  |TAMS 0x000000008af00000| PB 0x000000008af00000| Untracked 
| 108|0x000000008b000000, 0x000000008b000000, 0x000000008b100000|  0%| F|  |TAMS 0x000000008b000000| PB 0x000000008b000000| Untracked 
| 109|0x000000008b100000, 0x000000008b100000, 0x000000008b200000|  0%| F|  |TAMS 0x000000008b100000| PB 0x000000008b100000| Untracked 
| 110|0x000000008b200000, 0x000000008b200000, 0x000000008b300000|  0%| F|  |TAMS 0x000000008b200000| PB 0x000000008b200000| Untracked 
| 111|0x000000008b300000, 0x000000008b300000, 0x000000008b400000|  0%| F|  |TAMS 0x000000008b300000| PB 0x000000008b300000| Untracked 
| 112|0x000000008b400000, 0x000000008b400000, 0x000000008b500000|  0%| F|  |TAMS 0x000000008b400000| PB 0x000000008b400000| Untracked 
| 113|0x000000008b500000, 0x000000008b500000, 0x000000008b600000|  0%| F|  |TAMS 0x000000008b500000| PB 0x000000008b500000| Untracked 
| 114|0x000000008b600000, 0x000000008b600000, 0x000000008b700000|  0%| F|  |TAMS 0x000000008b600000| PB 0x000000008b600000| Untracked 
| 115|0x000000008b700000, 0x000000008b700000, 0x000000008b800000|  0%| F|  |TAMS 0x000000008b700000| PB 0x000000008b700000| Untracked 
| 116|0x000000008b800000, 0x000000008b800000, 0x000000008b900000|  0%| F|  |TAMS 0x000000008b800000| PB 0x000000008b800000| Untracked 
| 117|0x000000008b900000, 0x000000008b943118, 0x000000008ba00000| 26%| E|  |TAMS 0x000000008b900000| PB 0x000000008b900000| Complete 
| 118|0x000000008ba00000, 0x000000008bb00000, 0x000000008bb00000|100%| E|CS|TAMS 0x000000008ba00000| PB 0x000000008ba00000| Complete 
| 119|0x000000008bb00000, 0x000000008bc00000, 0x000000008bc00000|100%| E|CS|TAMS 0x000000008bb00000| PB 0x000000008bb00000| Complete 
| 120|0x000000008bc00000, 0x000000008bd00000, 0x000000008bd00000|100%| E|CS|TAMS 0x000000008bc00000| PB 0x000000008bc00000| Complete 
| 121|0x000000008bd00000, 0x000000008be00000, 0x000000008be00000|100%| E|CS|TAMS 0x000000008bd00000| PB 0x000000008bd00000| Complete 
| 122|0x000000008be00000, 0x000000008bf00000, 0x000000008bf00000|100%| E|CS|TAMS 0x000000008be00000| PB 0x000000008be00000| Complete 
| 123|0x000000008bf00000, 0x000000008c000000, 0x000000008c000000|100%| E|CS|TAMS 0x000000008bf00000| PB 0x000000008bf00000| Complete 

Card table byte_map: [0x000002a57dbb0000,0x000002a57df90000] _byte_map_base: 0x000002a57d78e000

Marking Bits: (CMBitMap*) 0x000002a5753bb5d0
 Bits: [0x000002a57df90000, 0x000002a57fe80000)

Polling page: 0x000002a5732d0000

Metaspace:

Usage:
  Non-class:      5.03 MB used.
      Class:    645.09 KB used.
       Both:      5.66 MB used.

Virtual space:
  Non-class space:       64.00 MB reserved,       5.12 MB (  8%) committed,  1 nodes.
      Class space:        1.00 GB reserved,     768.00 KB ( <1%) committed,  1 nodes.
             Both:        1.06 GB reserved,       5.88 MB ( <1%) committed. 

Chunk freelists:
   Non-Class:  10.88 MB
       Class:  15.25 MB
        Both:  26.13 MB

MaxMetaspaceSize: unlimited
CompressedClassSpaceSize: 1.00 GB
Initial GC threshold: 21.00 MB
Current GC threshold: 21.00 MB
CDS: on
 - commit_granule_bytes: 65536.
 - commit_granule_words: 8192.
 - virtual_space_node_default_size: 8388608.
 - enlarge_chunks_in_place: 1.
 - use_allocation_guard: 0.


Internal statistics:

num_allocs_failed_limit: 0.
num_arena_births: 118.
num_arena_deaths: 0.
num_vsnodes_births: 2.
num_vsnodes_deaths: 0.
num_space_committed: 94.
num_space_uncommitted: 0.
num_chunks_returned_to_freelist: 0.
num_chunks_taken_from_freelist: 139.
num_chunk_merges: 0.
num_chunk_splits: 87.
num_chunks_enlarged: 37.
num_inconsistent_stats: 0.

CodeHeap 'non-profiled nmethods': size=120000Kb used=175Kb max_used=175Kb free=119824Kb
 bounds [0x000002a507ad0000, 0x000002a507d40000, 0x000002a50f000000]
CodeHeap 'profiled nmethods': size=120000Kb used=1105Kb max_used=1105Kb free=118894Kb
 bounds [0x000002a500000000, 0x000002a500270000, 0x000002a507530000]
CodeHeap 'non-nmethods': size=5760Kb used=1568Kb max_used=1582Kb free=4191Kb
 bounds [0x000002a507530000, 0x000002a5077a0000, 0x000002a507ad0000]
 total_blobs=1193 nmethods=679 adapters=419
 compilation: enabled
              stopped_count=0, restarted_count=0
 full_count=0

Compilation events (20 events):
Event: 0.385 Thread 0x000002a511538070 nmethod 615 0x000002a5000e1810 code [0x000002a5000e19a0, 0x000002a5000e1b18]
Event: 0.385 Thread 0x000002a511538070  614   !   3       java.lang.ref.ReferenceQueue::poll (40 bytes)
Event: 0.385 Thread 0x000002a511538070 nmethod 614 0x000002a5000e1b90 code [0x000002a5000e1e00, 0x000002a5000e2870]
Event: 0.385 Thread 0x000002a511538070  616       3       sun.util.locale.LocaleUtils::toLowerString (95 bytes)
Event: 0.386 Thread 0x000002a511538070 nmethod 616 0x000002a5000e2c10 code [0x000002a5000e2ee0, 0x000002a5000e3fd0]
Event: 0.386 Thread 0x000002a511538070  617       3       sun.util.locale.BaseLocale::<init> (76 bytes)
Event: 0.386 Thread 0x000002a511538070 nmethod 617 0x000002a5000e4610 code [0x000002a5000e4840, 0x000002a5000e4e68]
Event: 0.386 Thread 0x000002a511538070  618       3       java.lang.ref.SoftReference::<init> (14 bytes)
Event: 0.386 Thread 0x000002a511538070 nmethod 618 0x000002a5000e5090 code [0x000002a5000e5240, 0x000002a5000e5528]
Event: 0.386 Thread 0x000002a511538070  619       1       sun.util.locale.LanguageTag::getLanguage (5 bytes)
Event: 0.386 Thread 0x000002a511538070 nmethod 619 0x000002a507afa190 code [0x000002a507afa320, 0x000002a507afa3e8]
Event: 0.386 Thread 0x000002a511538070  620       1       sun.util.locale.LanguageTag::getScript (5 bytes)
Event: 0.386 Thread 0x000002a511538070 nmethod 620 0x000002a507afa490 code [0x000002a507afa620, 0x000002a507afa6e8]
Event: 0.386 Thread 0x000002a511538070  621       1       sun.util.locale.LanguageTag::getRegion (5 bytes)
Event: 0.386 Thread 0x000002a511538070 nmethod 621 0x000002a507afa790 code [0x000002a507afa920, 0x000002a507afa9e8]
Event: 0.386 Thread 0x000002a511538070  622       1       sun.util.locale.LanguageTag::getPrivateuse (5 bytes)
Event: 0.386 Thread 0x000002a511538070 nmethod 622 0x000002a507afaa90 code [0x000002a507afac20, 0x000002a507aface8]
Event: 0.386 Thread 0x000002a511538070  624       3       sun.util.locale.LocaleObjectCache::get (126 bytes)
Event: 0.387 Thread 0x000002a511538070 nmethod 624 0x000002a5000e5610 code [0x000002a5000e58e0, 0x000002a5000e6aa8]
Event: 0.387 Thread 0x000002a511538070  632       3       sun.util.locale.BaseLocale$Key::hashCode (178 bytes)

GC Heap History (0 events):
No events

Dll operation events (5 events):
Event: 0.012 Loaded shared library C:\Program Files\Java\jdk-21\bin\java.dll
Event: 0.069 Loaded shared library C:\Program Files\Java\jdk-21\bin\jsvml.dll
Event: 0.131 Loaded shared library C:\Program Files\Java\jdk-21\bin\jimage.dll
Event: 0.164 Loaded shared library C:\Program Files\Java\jdk-21\bin\awt.dll
Event: 0.376 Loaded shared library C:\Program Files\Java\jdk-21\bin\zip.dll

Deoptimization events (0 events):
No events

Classes loaded (20 events):
Event: 0.361 Loading class java/net/FileNameMap done
Event: 0.361 Loading class java/net/URLConnection$1 done
Event: 0.361 Loading class sun/net/www/MimeTable
Event: 0.361 Loading class sun/net/www/MimeTable done
Event: 0.361 Loading class sun/net/www/MimeTable$1
Event: 0.361 Loading class sun/net/www/MimeTable$1 done
Event: 0.361 Loading class sun/net/www/MimeTable$2
Event: 0.361 Loading class sun/net/www/MimeTable$2 done
Event: 0.361 Loading class sun/net/www/MimeTable$DefaultInstanceHolder
Event: 0.361 Loading class sun/net/www/MimeTable$DefaultInstanceHolder done
Event: 0.361 Loading class sun/net/www/MimeTable$DefaultInstanceHolder$1
Event: 0.361 Loading class sun/net/www/MimeTable$DefaultInstanceHolder$1 done
Event: 0.362 Loading class sun/net/www/MimeEntry
Event: 0.362 Loading class sun/net/www/MimeEntry done
Event: 0.374 Loading class sun/util/calendar/ZoneInfoFile$Checksum
Event: 0.374 Loading class sun/util/calendar/ZoneInfoFile$Checksum done
Event: 0.378 Loading class jdk/internal/module/ModulePatcher$PatchedModuleReader
Event: 0.378 Loading class jdk/internal/module/ModulePatcher$PatchedModuleReader done
Event: 0.378 Loading class sun/net/www/protocol/jrt/Handler
Event: 0.378 Loading class sun/net/www/protocol/jrt/Handler done

Classes unloaded (0 events):
No events

Classes redefined (0 events):
No events

Internal exceptions (9 events):
Event: 0.141 Thread 0x000002a57314ac00 Exception <a 'java/lang/ClassNotFoundException'{0x000000008be7eaa8}: sun/awt/resources/spi/awtProvider> (0x000000008be7eaa8) 
thrown [s\open\src\hotspot\share\classfile\systemDictionary.cpp, line 312]
Event: 0.183 Thread 0x000002a57314ac00 Exception <a 'java/io/FileNotFoundException'{0x000000008bd1b558}> (0x000000008bd1b558) 
thrown [s\open\src\hotspot\share\prims\jni.cpp, line 520]
Event: 0.196 Thread 0x000002a57314ac00 Exception <a 'java/io/FileNotFoundException'{0x000000008bd457c8}> (0x000000008bd457c8) 
thrown [s\open\src\hotspot\share\prims\jni.cpp, line 520]
Event: 0.283 Thread 0x000002a57314ac00 Exception <a 'java/lang/NoSuchMethodError'{0x000000008bc58c78}: 'void java.lang.invoke.DirectMethodHandle$Holder.invokeSpecial(java.lang.Object, java.lang.Object, java.lang.Object)'> (0x000000008bc58c78) 
thrown [s\open\src\hotspot\share\interpreter\linkResolver.cpp, line 773]
Event: 0.289 Thread 0x000002a57314ac00 Exception <a 'java/lang/NoSuchMethodError'{0x000000008bc7e608}: 'java.lang.Object java.lang.invoke.DirectMethodHandle$Holder.newInvokeSpecial(java.lang.Object, java.lang.Object, java.lang.Object, java.lang.Object, java.lang.Object)'> (0x000000008bc7e608) 
thrown [s\open\src\hotspot\share\interpreter\linkResolver.cpp, line 773]
Event: 0.296 Thread 0x000002a57314ac00 Exception <a 'java/lang/NoSuchMethodError'{0x000000008bcaa588}: 'java.lang.Object java.lang.invoke.DirectMethodHandle$Holder.invokeStatic(java.lang.Object, int, java.lang.Object)'> (0x000000008bcaa588) 
thrown [s\open\src\hotspot\share\interpreter\linkResolver.cpp, line 773]
Event: 0.315 Thread 0x000002a57314ac00 Exception <a 'java/lang/ClassNotFoundException'{0x000000008bb4a580}: com/sun/swing/internal/plaf/metal/resources/spi/metalProvider> (0x000000008bb4a580) 
thrown [s\open\src\hotspot\share\classfile\systemDictionary.cpp, line 312]
Event: 0.316 Thread 0x000002a57314ac00 Exception <a 'java/lang/ClassNotFoundException'{0x000000008bb4e510}: com/sun/swing/internal/plaf/basic/resources/spi/basicProvider> (0x000000008bb4e510) 
thrown [s\open\src\hotspot\share\classfile\systemDictionary.cpp, line 312]
Event: 0.326 Thread 0x000002a57314ac00 Exception <a 'java/lang/NoSuchMethodError'{0x000000008bb6dc88}: 'int java.lang.invoke.Invokers$Holder.invokeExact_MT(java.lang.Object, java.lang.Object)'> (0x000000008bb6dc88) 
thrown [s\open\src\hotspot\share\interpreter\linkResolver.cpp, line 773]

ZGC Phase Switch (0 events):
No events

VM Operations (6 events):
Event: 0.315 Executing VM operation: HandshakeAllThreads (Deoptimize)
Event: 0.315 Executing VM operation: HandshakeAllThreads (Deoptimize) done
Event: 0.340 Executing VM operation: HandshakeAllThreads (Deoptimize)
Event: 0.340 Executing VM operation: HandshakeAllThreads (Deoptimize) done
Event: 0.343 Executing VM operation: HandshakeAllThreads (Deoptimize)
Event: 0.343 Executing VM operation: HandshakeAllThreads (Deoptimize) done

Events (15 events):
Event: 0.045 Thread 0x000002a57314ac00 Thread added: 0x000002a57314ac00
Event: 0.065 Thread 0x000002a5113dd530 Thread added: 0x000002a5113dd530
Event: 0.065 Thread 0x000002a5113e0500 Thread added: 0x000002a5113e0500
Event: 0.066 Thread 0x000002a5113e4640 Thread added: 0x000002a5113e4640
Event: 0.066 Thread 0x000002a5113e5190 Thread added: 0x000002a5113e5190
Event: 0.066 Thread 0x000002a5113e5e90 Thread added: 0x000002a5113e5e90
Event: 0.066 Thread 0x000002a5113e68f0 Thread added: 0x000002a5113e68f0
Event: 0.066 Thread 0x000002a5113e8580 Thread added: 0x000002a5113e8580
Event: 0.066 Thread 0x000002a511538070 Thread added: 0x000002a511538070
Event: 0.098 Thread 0x000002a511670280 Thread added: 0x000002a511670280
Event: 0.102 Thread 0x000002a511673b70 Thread added: 0x000002a511673b70
Event: 0.255 Thread 0x000002a51184a7a0 Thread added: 0x000002a51184a7a0
Event: 0.256 Thread 0x000002a51184e500 Thread added: 0x000002a51184e500
Event: 0.257 Thread 0x000002a511852640 Thread added: 0x000002a511852640
Event: 0.357 Thread 0x000002a5118b8500 Thread added: 0x000002a5118b8500


Dynamic libraries:
0x00007ff704700000 - 0x00007ff704710000 	C:\Program Files\Java\jdk-21\bin\javaw.exe
0x00007ffd01530000 - 0x00007ffd01747000 	C:\WINDOWS\SYSTEM32\ntdll.dll
0x00007ffd00ae0000 - 0x00007ffd00ba4000 	C:\WINDOWS\System32\KERNEL32.DLL
0x00007ffcfee20000 - 0x00007ffcff1cc000 	C:\WINDOWS\System32\KERNELBASE.dll
0x00007ffcfed00000 - 0x00007ffcfee11000 	C:\WINDOWS\System32\ucrtbase.dll
0x00007ffcf24f0000 - 0x00007ffcf250b000 	C:\Program Files\Java\jdk-21\bin\VCRUNTIME140.dll
0x00007ffcf2cc0000 - 0x00007ffcf2cd9000 	C:\Program Files\Java\jdk-21\bin\jli.dll
0x00007ffcffda0000 - 0x00007ffcffe52000 	C:\WINDOWS\System32\ADVAPI32.dll
0x00007ffcffea0000 - 0x00007ffcfff47000 	C:\WINDOWS\System32\msvcrt.dll
0x00007ffcffa20000 - 0x00007ffcffaca000 	C:\WINDOWS\System32\sechost.dll
0x00007ffcfecd0000 - 0x00007ffcfecf8000 	C:\WINDOWS\System32\bcrypt.dll
0x00007ffcff270000 - 0x00007ffcff385000 	C:\WINDOWS\System32\RPCRT4.dll
0x00007ffcffbe0000 - 0x00007ffcffd8e000 	C:\WINDOWS\System32\USER32.dll
0x00007ffcfeca0000 - 0x00007ffcfecc6000 	C:\WINDOWS\System32\win32u.dll
0x00007ffcffad0000 - 0x00007ffcffaf9000 	C:\WINDOWS\System32\GDI32.dll
0x00007ffcfe860000 - 0x00007ffcfe979000 	C:\WINDOWS\System32\gdi32full.dll
0x00007ffcefa50000 - 0x00007ffcefce3000 	C:\WINDOWS\WinSxS\amd64_microsoft.windows.common-controls_6595b64144ccf1df_6.0.22621.3672_none_2713b9d173822955\COMCTL32.dll
0x00007ffcff1d0000 - 0x00007ffcff26a000 	C:\WINDOWS\System32\msvcp_win.dll
0x00007ffcf6a20000 - 0x00007ffcf6a2a000 	C:\WINDOWS\SYSTEM32\VERSION.dll
0x00007ffcffe60000 - 0x00007ffcffe91000 	C:\WINDOWS\System32\IMM32.DLL
0x00007ffcfb500000 - 0x00007ffcfb50c000 	C:\Program Files\Java\jdk-21\bin\vcruntime140_1.dll
0x00007ffcd4320000 - 0x00007ffcd43ae000 	C:\Program Files\Java\jdk-21\bin\msvcp140.dll
0x00007ffc9c250000 - 0x00007ffc9cf67000 	C:\Program Files\Java\jdk-21\bin\server\jvm.dll
0x00007ffd00a60000 - 0x00007ffd00ad1000 	C:\WINDOWS\System32\WS2_32.dll
0x00007ffcfe570000 - 0x00007ffcfe5bd000 	C:\WINDOWS\SYSTEM32\POWRPROF.dll
0x00007ffcf8160000 - 0x00007ffcf8194000 	C:\WINDOWS\SYSTEM32\WINMM.dll
0x00007ffcfe550000 - 0x00007ffcfe563000 	C:\WINDOWS\SYSTEM32\UMPDC.dll
0x00007ffcfd890000 - 0x00007ffcfd8a8000 	C:\WINDOWS\SYSTEM32\kernel.appcore.dll
0x00007ffcfa270000 - 0x00007ffcfa27a000 	C:\Program Files\Java\jdk-21\bin\jimage.dll
0x00007ffcfc0c0000 - 0x00007ffcfc2f2000 	C:\WINDOWS\SYSTEM32\DBGHELP.DLL
0x00007ffd00c40000 - 0x00007ffd00fc8000 	C:\WINDOWS\System32\combase.dll
0x00007ffcffb00000 - 0x00007ffcffbd7000 	C:\WINDOWS\System32\OLEAUT32.dll
0x00007ffce30c0000 - 0x00007ffce30f2000 	C:\WINDOWS\SYSTEM32\dbgcore.DLL
0x00007ffcfe9f0000 - 0x00007ffcfea6b000 	C:\WINDOWS\System32\bcryptPrimitives.dll
0x00007ffcf2130000 - 0x00007ffcf214f000 	C:\Program Files\Java\jdk-21\bin\java.dll
0x00007ffd00000000 - 0x00007ffd0085c000 	C:\WINDOWS\System32\SHELL32.dll
0x00007ffcfc760000 - 0x00007ffcfd057000 	C:\WINDOWS\SYSTEM32\windows.storage.dll
0x00007ffcfc620000 - 0x00007ffcfc75f000 	C:\WINDOWS\SYSTEM32\wintypes.dll
0x00007ffd00960000 - 0x00007ffd00a54000 	C:\WINDOWS\System32\SHCORE.dll
0x00007ffd01490000 - 0x00007ffd014ee000 	C:\WINDOWS\System32\shlwapi.dll
0x00007ffcfe790000 - 0x00007ffcfe7b1000 	C:\WINDOWS\SYSTEM32\profapi.dll
0x00007ffcd40a0000 - 0x00007ffcd4177000 	C:\Program Files\Java\jdk-21\bin\jsvml.dll
0x00007ffccbd40000 - 0x00007ffccbecf000 	C:\Program Files\Java\jdk-21\bin\awt.dll
0x00007ffcfacb0000 - 0x00007ffcfad47000 	C:\WINDOWS\SYSTEM32\apphelp.dll
0x00007ffcfbb10000 - 0x00007ffcfbb3b000 	C:\WINDOWS\system32\DWMAPI.DLL
0x00007ffcfb860000 - 0x00007ffcfb90a000 	C:\WINDOWS\system32\uxtheme.dll
0x00007ffccbc40000 - 0x00007ffccbd40000 	C:\WINDOWS\system32\opengl32.dll
0x00007ffceee90000 - 0x00007ffceeebd000 	C:\WINDOWS\SYSTEM32\GLU32.dll
0x00007ffcfb9a0000 - 0x00007ffcfb9d9000 	C:\WINDOWS\SYSTEM32\dxcore.dll
0x00007ffcff650000 - 0x00007ffcff7a3000 	C:\WINDOWS\System32\MSCTF.dll
0x00007ffcff390000 - 0x00007ffcff535000 	C:\WINDOWS\System32\ole32.dll
0x00007ffcf1570000 - 0x00007ffcf1588000 	C:\Program Files\Java\jdk-21\bin\zip.dll

dbghelp: loaded successfully - version: 4.0.5 - missing functions: none
symbol engine: initialized successfully - sym options: 0x614 - pdb path: .;C:\Program Files\Java\jdk-21\bin;C:\WINDOWS\SYSTEM32;C:\WINDOWS\WinSxS\amd64_microsoft.windows.common-controls_6595b64144ccf1df_6.0.22621.3672_none_2713b9d173822955;C:\Program Files\Java\jdk-21\bin\server

VM Arguments:
jvm_args: -Dfile.encoding=UTF-8 -Dstdout.encoding=UTF-8 -Dstderr.encoding=UTF-8 -XX:+ShowCodeDetailsInExceptionMessages 
java_command: bank.login
java_class_path (initial): D:\Java Project\bin
Launcher Type: SUN_STANDARD

[Global flags]
     intx CICompilerCount                          = 3                                         {product} {ergonomic}
     uint ConcGCThreads                            = 1                                         {product} {ergonomic}
     uint G1ConcRefinementThreads                  = 4                                         {product} {ergonomic}
   size_t G1HeapRegionSize                         = 1048576                                   {product} {ergonomic}
    uintx GCDrainStackTargetSize                   = 64                                        {product} {ergonomic}
   size_t InitialHeapSize                          = 130023424                                 {product} {ergonomic}
   size_t MarkStackSize                            = 4194304                                   {product} {ergonomic}
   size_t MaxHeapSize                              = 2076180480                                {product} {ergonomic}
   size_t MaxNewSize                               = 1245708288                                {product} {ergonomic}
   size_t MinHeapDeltaBytes                        = 1048576                                   {product} {ergonomic}
   size_t MinHeapSize                              = 8388608                                   {product} {ergonomic}
    uintx NonNMethodCodeHeapSize                   = 5832780                                {pd product} {ergonomic}
    uintx NonProfiledCodeHeapSize                  = 122912730                              {pd product} {ergonomic}
    uintx ProfiledCodeHeapSize                     = 122912730                              {pd product} {ergonomic}
    uintx ReservedCodeCacheSize                    = 251658240                              {pd product} {ergonomic}
     bool SegmentedCodeCache                       = true                                      {product} {ergonomic}
     bool ShowCodeDetailsInExceptionMessages       = true                                   {manageable} {command line}
   size_t SoftMaxHeapSize                          = 2076180480                             {manageable} {ergonomic}
     bool UseCompressedOops                        = true                           {product lp64_product} {ergonomic}
     bool UseG1GC                                  = true                                      {product} {ergonomic}
     bool UseLargePagesIndividualAllocation        = false                                  {pd product} {ergonomic}

Logging:
Log output configuration:
 #0: stdout all=warning uptime,level,tags foldmultilines=false
 #1: stderr all=off uptime,level,tags foldmultilines=false

Environment Variables:
JAVA_HOME=C:\Program Files\Java\jdk-21
PATH=C:\Users\Dell\AppData\Local\Programs\Python\Python312\Scripts\;C:\Users\Dell\AppData\Local\Programs\Python\Python312\;C:\Program Files\Common Files\Oracle\Java\javapath;C:\WINDOWS\system32;C:\WINDOWS;C:\WINDOWS\System32\Wbem;C:\WINDOWS\System32\WindowsPowerShell\v1.0\;C:\WINDOWS\System32\OpenSSH\;C:\Program Files\Git\cmd;C:\Program Files\Git\bin;C:\src\flutter\bin;C:\Program Files\Java\jdk-21\bin;C:\Users\Dell\Downloads\dartsdk-windows-x64-release\dart-sdk\bin;C:\Program Files\nodejs\;C:\ProgramData\chocolatey\bin;C:\Program Files (x86)\Yarn\bin\;C:\Users\Dell\AppData\Local\Programs\Python\Python311\Scripts\;C:\Users\Dell\AppData\Local\Programs\Python\Python311\;C:\Program Files\MySQL\MySQL Shell 8.0\bin\;C:\Users\Dell\AppData\Local\Microsoft\WindowsApps;C:\Program Files\JetBrains\PyCharm Community Edition 2023.3.1\bin;;C:\Program Files\Java\jdk-21\bin;C:\Users\Dell\AppData\Local\Programs\Microsoft VS Code\bin;C:\Users\Dell\AppData\Roaming\npm;C:\Users\Dell\AppData\Local\Yarn\bin
USERNAME=Dell
OS=Windows_NT
PROCESSOR_IDENTIFIER=Intel64 Family 6 Model 140 Stepping 1, GenuineIntel
TMP=C:\Users\Dell\AppData\Local\Temp
TEMP=C:\Users\Dell\AppData\Local\Temp




Periodic native trim disabled

---------------  S Y S T E M  ---------------

OS:
 Windows 11 , 64 bit Build 22621 (10.0.22621.3672)
OS uptime: 2 days 20:14 hours
Hyper-V role detected

CPU: total 4 (initial active 4) (2 cores per cpu, 2 threads per core) family 6 model 140 stepping 1 microcode 0xb4, cx8, cmov, fxsr, ht, mmx, 3dnowpref, sse, sse2, sse3, ssse3, sse4.1, sse4.2, popcnt, lzcnt, tsc, tscinvbit, avx, avx2, aes, erms, clmul, bmi1, bmi2, adx, avx512f, avx512dq, avx512cd, avx512bw, avx512vl, sha, fma, vzeroupper, avx512_vpopcntdq, avx512_vpclmulqdq, avx512_vaes, avx512_vnni, clflush, clflushopt, clwb, avx512_vbmi2, avx512_vbmi, hv, rdtscp, rdpid, fsrm, gfni, avx512_bitalg, f16c, cet_ibt, cet_ss, avx512_ifma
Processor Information for all 4 processors :
  Max Mhz: 2995, Current Mhz: 2995, Mhz Limit: 2995

Memory: 4k page, system-wide physical 7914M (490M free)
TotalPageFile size 32490M (AvailPageFile size 0M)
current process WorkingSet (physical memory assigned to process): 53M, peak: 53M
current process commit charge ("private bytes"): 206M, peak: 206M

vm_info: Java HotSpot(TM) 64-Bit Server VM (21.0.2+13-LTS-58) for windows-amd64 JRE (21.0.2+13-LTS-58), built on 2024-01-05T18:32:24Z by "mach5one" with MS VC++ 17.1 (VS2022)

END.
