#
# There is insufficient memory for the Java Runtime Environment to continue.
# Native memory allocation (mmap) failed to map 130023424 bytes for G1 virtual space
# Possible reasons:
#   The system is out of physical RAM or swap space
#   The process is running with CompressedOops enabled, and the Java Heap may be blocking the growth of the native heap
# Possible solutions:
#   Reduce memory load on the system
#   Increase physical memory or swap space
#   Check if swap backing store is full
#   Decrease Java heap size (-Xmx/-Xms)
#   Decrease number of Java threads
#   Decrease Java thread stack sizes (-Xss)
#   Set larger code cache with -XX:ReservedCodeCacheSize=
#   JVM is running with Unscaled Compressed Oops mode in which the Java heap is
#     placed in the first 4GB address space. The Java Heap base address is the
#     maximum limit for the native heap growth. Please use -XX:HeapBaseMinAddress
#     to set the Java Heap base and to place the Java Heap above 4GB virtual address.
# This output file may be truncated or incomplete.
#
#  Out of Memory Error (os_windows.cpp:3600), pid=8876, tid=27680
#
# JRE version:  (21.0.2+13) (build )
# Java VM: Java HotSpot(TM) 64-Bit Server VM (21.0.2+13-LTS-58, mixed mode, sharing, tiered, compressed oops, compressed class ptrs, g1 gc, windows-amd64)
# No core dump will be written. Minidumps are not enabled by default on client versions of Windows
#

---------------  S U M M A R Y ------------

Command Line: -Dfile.encoding=UTF-8 -Dstdout.encoding=UTF-8 -Dstderr.encoding=UTF-8 -XX:+ShowCodeDetailsInExceptionMessages bank.signin

Host: 11th Gen Intel(R) Core(TM) i3-1115G4 @ 3.00GHz, 4 cores, 7G,  Windows 11 , 64 bit Build 22621 (10.0.22621.3672)
Time: Fri Jul  5 15:36:22 2024 India Standard Time elapsed time: 0.009563 seconds (0d 0h 0m 0s)

---------------  T H R E A D  ---------------

Current thread (0x000001be2ab1a590):  JavaThread "Unknown thread" [_thread_in_vm, id=27680, stack(0x0000006c15e00000,0x0000006c15f00000) (1024K)]

Stack: [0x0000006c15e00000,0x0000006c15f00000]
Native frames: (J=compiled Java code, j=interpreted, Vv=VM code, C=native code)
V  [jvm.dll+0x6cade9]
V  [jvm.dll+0x8569c1]
V  [jvm.dll+0x858d2e]
V  [jvm.dll+0x859413]
V  [jvm.dll+0x280e56]
V  [jvm.dll+0x6c74d5]
V  [jvm.dll+0x6bbeca]
V  [jvm.dll+0x355bca]
V  [jvm.dll+0x35d816]
V  [jvm.dll+0x3ae67e]
V  [jvm.dll+0x3ae928]
V  [jvm.dll+0x3295dc]
V  [jvm.dll+0x32a16b]
V  [jvm.dll+0x81efa9]
V  [jvm.dll+0x3bba01]
V  [jvm.dll+0x807928]
V  [jvm.dll+0x44f50e]
V  [jvm.dll+0x450e11]
C  [jli.dll+0x52a3]
C  [ucrtbase.dll+0x29333]
C  [KERNEL32.DLL+0x1257d]
C  [ntdll.dll+0x5af28]


---------------  P R O C E S S  ---------------

Threads class SMR info:
_java_thread_list=0x00007ffc9ce1bb88, length=0, elements={
}

Java Threads: ( => current thread )
Total: 0

Other Threads:
  0x000001be2ce1a310 WorkerThread "GC Thread#0"                     [id=8940, stack(0x0000006c15f00000,0x0000006c16000000) (1024K)]
  0x000001be2ce2bbd0 ConcurrentGCThread "G1 Main Marker"            [id=27764, stack(0x0000006c16000000,0x0000006c16100000) (1024K)]
  0x000001be2ce2c6d0 WorkerThread "G1 Conc#0"                       [id=22016, stack(0x0000006c16100000,0x0000006c16200000) (1024K)]

[error occurred during error reporting (printing all threads), id 0xc0000005, EXCEPTION_ACCESS_VIOLATION (0xc0000005) at pc=0x00007ffc9c58c6a7]
VM state: not at safepoint (not fully initialized)

VM Mutex/Monitor currently owned by a thread:  ([mutex/lock_event])
[0x00007ffc9ce8ce68] Heap_lock - owner thread: 0x000001be2ab1a590

Heap address: 0x0000000084400000, size: 1980 MB, Compressed Oops mode: 32-bit

CDS archive(s) mapped at: [0x0000000000000000-0x0000000000000000-0x0000000000000000), size 0, SharedBaseAddress: 0x0000000800000000, ArchiveRelocationMode: 1.
Narrow klass base: 0x0000000000000000, Narrow klass shift: 0, Narrow klass range: 0x0

GC Precious Log:
 CardTable entry size: 512
 Card Set container configuration: InlinePtr #cards 5 size 8 Array Of Cards #cards 12 size 40 Howl #buckets 4 coarsen threshold 1843 Howl Bitmap #cards 512 size 80 coarsen threshold 460 Card regions per heap region 1 cards per card region 2048

Heap:
 garbage-first heap   total 0K, used 0K [0x0000000084400000, 0x0000000100000000)
  region size 1024K, 0 young (0K), 0 survivors (0K)

[error occurred during error reporting (printing heap information), id 0xc0000005, EXCEPTION_ACCESS_VIOLATION (0xc0000005) at pc=0x00007ffc9c9739f9]
GC Heap History (0 events):
No events

Dll operation events (1 events):
Event: 0.005 Loaded shared library C:\Program Files\Java\jdk-21\bin\java.dll

Deoptimization events (0 events):
No events

Classes loaded (0 events):
No events

Classes unloaded (0 events):
No events

Classes redefined (0 events):
No events

Internal exceptions (0 events):
No events

ZGC Phase Switch (0 events):
No events

VM Operations (0 events):
No events

Events (0 events):
No events


Dynamic libraries:
0x00007ff704700000 - 0x00007ff704710000 	C:\Program Files\Java\jdk-21\bin\javaw.exe
0x00007ffd01530000 - 0x00007ffd01747000 	C:\WINDOWS\SYSTEM32\ntdll.dll
0x00007ffd00ae0000 - 0x00007ffd00ba4000 	C:\WINDOWS\System32\KERNEL32.DLL
0x00007ffcfee20000 - 0x00007ffcff1cc000 	C:\WINDOWS\System32\KERNELBASE.dll
0x00007ffcfed00000 - 0x00007ffcfee11000 	C:\WINDOWS\System32\ucrtbase.dll
0x00007ffcf2cc0000 - 0x00007ffcf2cd9000 	C:\Program Files\Java\jdk-21\bin\jli.dll
0x00007ffcffda0000 - 0x00007ffcffe52000 	C:\WINDOWS\System32\ADVAPI32.dll
0x00007ffcffea0000 - 0x00007ffcfff47000 	C:\WINDOWS\System32\msvcrt.dll
0x00007ffcffa20000 - 0x00007ffcffaca000 	C:\WINDOWS\System32\sechost.dll
0x00007ffcfecd0000 - 0x00007ffcfecf8000 	C:\WINDOWS\System32\bcrypt.dll
0x00007ffcff270000 - 0x00007ffcff385000 	C:\WINDOWS\System32\RPCRT4.dll
0x00007ffcffbe0000 - 0x00007ffcffd8e000 	C:\WINDOWS\System32\USER32.dll
0x00007ffcfeca0000 - 0x00007ffcfecc6000 	C:\WINDOWS\System32\win32u.dll
0x00007ffcffad0000 - 0x00007ffcffaf9000 	C:\WINDOWS\System32\GDI32.dll
0x00007ffcfe860000 - 0x00007ffcfe979000 	C:\WINDOWS\System32\gdi32full.dll
0x00007ffcff1d0000 - 0x00007ffcff26a000 	C:\WINDOWS\System32\msvcp_win.dll
0x00007ffcf24f0000 - 0x00007ffcf250b000 	C:\Program Files\Java\jdk-21\bin\VCRUNTIME140.dll
0x00007ffcefa50000 - 0x00007ffcefce3000 	C:\WINDOWS\WinSxS\amd64_microsoft.windows.common-controls_6595b64144ccf1df_6.0.22621.3672_none_2713b9d173822955\COMCTL32.dll
0x00007ffcf6a20000 - 0x00007ffcf6a2a000 	C:\WINDOWS\SYSTEM32\VERSION.dll
0x00007ffcffe60000 - 0x00007ffcffe91000 	C:\WINDOWS\System32\IMM32.DLL
0x00007ffcfb500000 - 0x00007ffcfb50c000 	C:\Program Files\Java\jdk-21\bin\vcruntime140_1.dll
0x00007ffcd4320000 - 0x00007ffcd43ae000 	C:\Program Files\Java\jdk-21\bin\msvcp140.dll
0x00007ffc9c250000 - 0x00007ffc9cf67000 	C:\Program Files\Java\jdk-21\bin\server\jvm.dll
0x00007ffd00a60000 - 0x00007ffd00ad1000 	C:\WINDOWS\System32\WS2_32.dll
0x00007ffcfe570000 - 0x00007ffcfe5bd000 	C:\WINDOWS\SYSTEM32\POWRPROF.dll
0x00007ffcf8160000 - 0x00007ffcf8194000 	C:\WINDOWS\SYSTEM32\WINMM.dll
0x00007ffcfe550000 - 0x00007ffcfe563000 	C:\WINDOWS\SYSTEM32\UMPDC.dll
0x00007ffcfd890000 - 0x00007ffcfd8a8000 	C:\WINDOWS\SYSTEM32\kernel.appcore.dll
0x00007ffcfa270000 - 0x00007ffcfa27a000 	C:\Program Files\Java\jdk-21\bin\jimage.dll
0x00007ffcfc0c0000 - 0x00007ffcfc2f2000 	C:\WINDOWS\SYSTEM32\DBGHELP.DLL
0x00007ffd00c40000 - 0x00007ffd00fc8000 	C:\WINDOWS\System32\combase.dll
0x00007ffcffb00000 - 0x00007ffcffbd7000 	C:\WINDOWS\System32\OLEAUT32.dll
0x00007ffce30c0000 - 0x00007ffce30f2000 	C:\WINDOWS\SYSTEM32\dbgcore.DLL
0x00007ffcfe9f0000 - 0x00007ffcfea6b000 	C:\WINDOWS\System32\bcryptPrimitives.dll
0x00007ffcf2130000 - 0x00007ffcf214f000 	C:\Program Files\Java\jdk-21\bin\java.dll

dbghelp: loaded successfully - version: 4.0.5 - missing functions: none
symbol engine: initialized successfully - sym options: 0x614 - pdb path: .;C:\Program Files\Java\jdk-21\bin;C:\WINDOWS\SYSTEM32;C:\WINDOWS\WinSxS\amd64_microsoft.windows.common-controls_6595b64144ccf1df_6.0.22621.3672_none_2713b9d173822955;C:\Program Files\Java\jdk-21\bin\server

VM Arguments:
jvm_args: -Dfile.encoding=UTF-8 -Dstdout.encoding=UTF-8 -Dstderr.encoding=UTF-8 -XX:+ShowCodeDetailsInExceptionMessages 
java_command: bank.signin
java_class_path (initial): D:\Java Project\bin
Launcher Type: SUN_STANDARD

[Global flags]
     intx CICompilerCount                          = 3                                         {product} {ergonomic}
     uint ConcGCThreads                            = 1                                         {product} {ergonomic}
     uint G1ConcRefinementThreads                  = 4                                         {product} {ergonomic}
   size_t G1HeapRegionSize                         = 1048576                                   {product} {ergonomic}
    uintx GCDrainStackTargetSize                   = 64                                        {product} {ergonomic}
   size_t InitialHeapSize                          = 130023424                                 {product} {ergonomic}
   size_t MarkStackSize                            = 4194304                                   {product} {ergonomic}
   size_t MaxHeapSize                              = 2076180480                                {product} {ergonomic}
   size_t MinHeapDeltaBytes                        = 1048576                                   {product} {ergonomic}
   size_t MinHeapSize                              = 8388608                                   {product} {ergonomic}
    uintx NonNMethodCodeHeapSize                   = 5832780                                {pd product} {ergonomic}
    uintx NonProfiledCodeHeapSize                  = 122912730                              {pd product} {ergonomic}
    uintx ProfiledCodeHeapSize                     = 122912730                              {pd product} {ergonomic}
    uintx ReservedCodeCacheSize                    = 251658240                              {pd product} {ergonomic}
     bool SegmentedCodeCache                       = true                                      {product} {ergonomic}
     bool ShowCodeDetailsInExceptionMessages       = true                                   {manageable} {command line}
   size_t SoftMaxHeapSize                          = 2076180480                             {manageable} {ergonomic}
     bool UseCompressedOops                        = true                           {product lp64_product} {ergonomic}
     bool UseG1GC                                  = true                                      {product} {ergonomic}
     bool UseLargePagesIndividualAllocation        = false                                  {pd product} {ergonomic}

Logging:
Log output configuration:
 #0: stdout all=warning uptime,level,tags foldmultilines=false
 #1: stderr all=off uptime,level,tags foldmultilines=false

Environment Variables:
JAVA_HOME=C:\Program Files\Java\jdk-21
PATH=C:\Users\Dell\AppData\Local\Programs\Python\Python312\Scripts\;C:\Users\Dell\AppData\Local\Programs\Python\Python312\;C:\Program Files\Common Files\Oracle\Java\javapath;C:\WINDOWS\system32;C:\WINDOWS;C:\WINDOWS\System32\Wbem;C:\WINDOWS\System32\WindowsPowerShell\v1.0\;C:\WINDOWS\System32\OpenSSH\;C:\Program Files\Git\cmd;C:\Program Files\Git\bin;C:\src\flutter\bin;C:\Program Files\Java\jdk-21\bin;C:\Users\Dell\Downloads\dartsdk-windows-x64-release\dart-sdk\bin;C:\Program Files\nodejs\;C:\ProgramData\chocolatey\bin;C:\Program Files (x86)\Yarn\bin\;C:\Users\Dell\AppData\Local\Programs\Python\Python311\Scripts\;C:\Users\Dell\AppData\Local\Programs\Python\Python311\;C:\Program Files\MySQL\MySQL Shell 8.0\bin\;C:\Users\Dell\AppData\Local\Microsoft\WindowsApps;C:\Program Files\JetBrains\PyCharm Community Edition 2023.3.1\bin;;C:\Program Files\Java\jdk-21\bin;C:\Users\Dell\AppData\Local\Programs\Microsoft VS Code\bin;C:\Users\Dell\AppData\Roaming\npm;C:\Users\Dell\AppData\Local\Yarn\bin
USERNAME=Dell
OS=Windows_NT
PROCESSOR_IDENTIFIER=Intel64 Family 6 Model 140 Stepping 1, GenuineIntel
TMP=C:\Users\Dell\AppData\Local\Temp
TEMP=C:\Users\Dell\AppData\Local\Temp




Periodic native trim disabled

---------------  S Y S T E M  ---------------

OS:
 Windows 11 , 64 bit Build 22621 (10.0.22621.3672)
OS uptime: 2 days 21:22 hours
Hyper-V role detected

CPU: total 4 (initial active 4) (2 cores per cpu, 2 threads per core) family 6 model 140 stepping 1 microcode 0xb4, cx8, cmov, fxsr, ht, mmx, 3dnowpref, sse, sse2, sse3, ssse3, sse4.1, sse4.2, popcnt, lzcnt, tsc, tscinvbit, avx, avx2, aes, erms, clmul, bmi1, bmi2, adx, avx512f, avx512dq, avx512cd, avx512bw, avx512vl, sha, fma, vzeroupper, avx512_vpopcntdq, avx512_vpclmulqdq, avx512_vaes, avx512_vnni, clflush, clflushopt, clwb, avx512_vbmi2, avx512_vbmi, hv, rdtscp, rdpid, fsrm, gfni, avx512_bitalg, f16c, cet_ibt, cet_ss, avx512_ifma
Processor Information for all 4 processors :
  Max Mhz: 2995, Current Mhz: 2995, Mhz Limit: 2995

Memory: 4k page, system-wide physical 7914M (1043M free)
TotalPageFile size 32490M (AvailPageFile size 33M)
current process WorkingSet (physical memory assigned to process): 11M, peak: 11M
current process commit charge ("private bytes"): 52M, peak: 175M

vm_info: Java HotSpot(TM) 64-Bit Server VM (21.0.2+13-LTS-58) for windows-amd64 JRE (21.0.2+13-LTS-58), built on 2024-01-05T18:32:24Z by "mach5one" with MS VC++ 17.1 (VS2022)

END.
